[debug] [2021-07-05T21:49:24.184Z] ----------------------------------------------------------------------
[debug] [2021-07-05T21:49:24.185Z] Command:       C:\Program Files\nodejs\node.exe C:\Users\simon\AppData\Roaming\npm\node_modules\firebase-tools\lib\bin\firebase.js init
[debug] [2021-07-05T21:49:24.185Z] CLI Version:   9.14.0
[debug] [2021-07-05T21:49:24.185Z] Platform:      win32
[debug] [2021-07-05T21:49:24.186Z] Node Version:  v14.15.4
[debug] [2021-07-05T21:49:24.186Z] Time:          Mon Jul 05 2021 14:49:24 GMT-0700 (Pacific Daylight Time)
[debug] [2021-07-05T21:49:24.187Z] ----------------------------------------------------------------------
[debug] 
[debug] [2021-07-05T21:49:24.191Z] > command requires scopes: ["email","openid","https://www.googleapis.com/auth/cloudplatformprojects.readonly","https://www.googleapis.com/auth/firebase","https://www.googleapis.com/auth/cloud-platform"]
[debug] [2021-07-05T21:49:24.191Z] > authorizing via signed-in user (simonichow15@gmail.com)
[info] 
     ######## #### ########  ######## ########     ###     ######  ########
     ##        ##  ##     ## ##       ##     ##  ##   ##  ##       ##
     ######    ##  ########  ######   ########  #########  ######  ######
     ##        ##  ##    ##  ##       ##     ## ##     ##       ## ##
     ##       #### ##     ## ######## ########  ##     ##  ######  ########

You're about to initialize a Firebase project in this directory:

  C:\Users\simon\OneDrive\PersonalProjects\my-website

[info] 
=== Project Setup
[info] 
[info] First, let's associate this project directory with a Firebase project.
[info] You can create multiple project aliases by running firebase use --add, 
[info] but for now we'll just set up a default project.
[info] 
[debug] [2021-07-05T21:49:46.202Z] >>> [apiv2][query] GET https://firebase.googleapis.com/v1beta1/projects pageSize=100
[debug] [2021-07-05T21:49:46.529Z] <<< [apiv2][status] GET https://firebase.googleapis.com/v1beta1/projects 200
[debug] [2021-07-05T21:49:46.529Z] <<< [apiv2][body] GET https://firebase.googleapis.com/v1beta1/projects [omitted]
[info] i  Using project simoncwebsite (Personal Website) 
[info] 
=== Hosting Setup
[info] 
[info] Your public directory is the folder (relative to your project directory) that
[info] will contain Hosting assets to be uploaded with firebase deploy. If you
[info] have a build process for your assets, use your build's output directory.
[info] 
[debug] [2021-07-05T21:51:04.322Z] >>> [apiv2][query] GET https://www.gstatic.com/firebasejs/releases.json [none]
[debug] [2021-07-05T21:51:04.409Z] <<< [apiv2][status] GET https://www.gstatic.com/firebasejs/releases.json 200
[debug] [2021-07-05T21:51:04.410Z] <<< [apiv2][body] GET https://www.gstatic.com/firebasejs/releases.json {"current":{"version":"8.7.0","browserURL":"https://www.gstatic.com/firebasejs/8.7.0/firebase.js","packageURL":"https://www.gstatic.com/firebasejs/8.7.0/firebase.tgz"},"live":{"version":"8.7","browserURL":"https://www.gstatic.com/firebasejs/live/8.7/firebase.js","packageURL":"https://www.gstatic.com/firebasejs/live/8.7/firebase.tgz"},"components":{"analytics":"https://www.gstatic.com/firebasejs/8.7.0/firebase-analytics.js","app":"https://www.gstatic.com/firebasejs/8.7.0/firebase-app.js","app-check":"https://www.gstatic.com/firebasejs/8.7.0/firebase-app-check.js","auth":"https://www.gstatic.com/firebasejs/8.7.0/firebase-auth.js","database":"https://www.gstatic.com/firebasejs/8.7.0/firebase-database.js","firestore":"https://www.gstatic.com/firebasejs/8.7.0/firebase-firestore.js","functions":"https://www.gstatic.com/firebasejs/8.7.0/firebase-functions.js","installations":"https://www.gstatic.com/firebasejs/8.7.0/firebase-installations.js","messaging":"https://www.gstatic.com/firebasejs/8.7.0/firebase-messaging.js","storage":"https://www.gstatic.com/firebasejs/8.7.0/firebase-storage.js","performance":"https://www.gstatic.com/firebasejs/8.7.0/firebase-performance.js","remote-config":"https://www.gstatic.com/firebasejs/8.7.0/firebase-remote-config.js","firestore.memory":"https://www.gstatic.com/firebasejs/8.7.0/firebase-firestore.memory.js"}}
[info] +  Wrote build/web/index.html 
[info] 
[info] i  Detected a .git folder at C:\Users\simon\OneDrive\PersonalProjects\my-website 
[info] i  Authorizing with GitHub to upload your service account to a GitHub repository's secrets store. 
[info] 
[info] Visit this URL on this device to log in:
[info] https://github.com/login/oauth/authorize?client_id=89cf50f02ac6aaed3484&state=866996650&redirect_uri=http%3A%2F%2Flocalhost%3A9005&scope=read%3Auser%20repo%20public_repo
[info] 
[info] Waiting for authentication...
[debug] [2021-07-05T21:51:15.796Z] >>> HTTP REQUEST POST https://github.com/login/oauth/access_token  
 {"client_id":"89cf50f02ac6aaed3484","client_secret":"3330d14abc895d9a74d5f17cd7a00711fa2c5bf0","code":"7c0dee3cc43537fecc00","redirect_uri":"http://localhost:9005","state":"866996650"}
[debug] [2021-07-05T21:51:16.032Z] <<< HTTP RESPONSE 200 {"server":"GitHub.com","date":"Mon, 05 Jul 2021 21:51:16 GMT","content-type":"application/json; charset=utf-8","transfer-encoding":"chunked","vary":"X-PJAX, Accept-Encoding, Accept, X-Requested-With","permissions-policy":"interest-cohort=()","etag":"W/\"47348bc70a849e00135f09aa9104d038\"","cache-control":"max-age=0, private, must-revalidate","strict-transport-security":"max-age=31536000; includeSubdomains; preload","x-frame-options":"deny","x-content-type-options":"nosniff","x-xss-protection":"0","referrer-policy":"origin-when-cross-origin, strict-origin-when-cross-origin","expect-ct":"max-age=2592000, report-uri=\"https://api.github.com/_private/browser/errors\"","content-security-policy":"default-src 'none'; base-uri 'self'; block-all-mixed-content; connect-src 'self' uploads.github.com www.githubstatus.com collector.githubapp.com api.github.com github-cloud.s3.amazonaws.com github-production-repository-file-5c1aeb.s3.amazonaws.com github-production-upload-manifest-file-7fdce7.s3.amazonaws.com github-production-user-asset-6210df.s3.amazonaws.com cdn.optimizely.com logx.optimizely.com/v1/events translator.github.com wss://alive.github.com; font-src github.githubassets.com; form-action 'self' github.com gist.github.com; frame-ancestors 'none'; frame-src render.githubusercontent.com render-temp.githubusercontent.com viewscreen.githubusercontent.com; img-src 'self' data: github.githubassets.com identicons.github.com collector.githubapp.com github-cloud.s3.amazonaws.com secured-user-images.githubusercontent.com/ *.githubusercontent.com; manifest-src 'self'; media-src 'none'; script-src github.githubassets.com; style-src 'unsafe-inline' github.githubassets.com; worker-src github.com/socket-worker-3f088aa2.js gist.github.com/socket-worker-3f088aa2.js","x-github-request-id":"CF4D:70BF:47C38F:6BA2DF:60E37ED4"}
[debug] [2021-07-05T21:51:16.035Z] >>> [apiv2][query] GET https://api.github.com/user [none]
[debug] [2021-07-05T21:51:16.241Z] <<< [apiv2][status] GET https://api.github.com/user 200
[debug] [2021-07-05T21:51:16.241Z] <<< [apiv2][body] GET https://api.github.com/user {"login":"simonc7","id":55872831,"node_id":"MDQ6VXNlcjU1ODcyODMx","avatar_url":"https://avatars.githubusercontent.com/u/55872831?v=4","gravatar_id":"","url":"https://api.github.com/users/simonc7","html_url":"https://github.com/simonc7","followers_url":"https://api.github.com/users/simonc7/followers","following_url":"https://api.github.com/users/simonc7/following{/other_user}","gists_url":"https://api.github.com/users/simonc7/gists{/gist_id}","starred_url":"https://api.github.com/users/simonc7/starred{/owner}{/repo}","subscriptions_url":"https://api.github.com/users/simonc7/subscriptions","organizations_url":"https://api.github.com/users/simonc7/orgs","repos_url":"https://api.github.com/users/simonc7/repos","events_url":"https://api.github.com/users/simonc7/events{/privacy}","received_events_url":"https://api.github.com/users/simonc7/received_events","type":"User","site_admin":false,"name":null,"company":null,"blog":"","location":null,"email":null,"hireable":null,"bio":null,"twitter_username":null,"public_repos":7,"public_gists":0,"followers":0,"following":0,"created_at":"2019-09-27T07:45:59Z","updated_at":"2021-07-05T21:51:10Z","private_gists":0,"total_private_repos":0,"owned_private_repos":0,"disk_usage":27729,"collaborators":0,"two_factor_authentication":false,"plan":{"name":"free","space":976562499,"collaborators":0,"private_repos":10000}}
[info] 
[info] +  Success! Logged into GitHub as simonc7 
[info] 
